{"C:\\Users\\belub\\OneDrive\\Escritorio\\Documentos\\Programacion 4\\Programacion_4\\TP2\\src\\app.ts": {"path":"C:\\Users\\belub\\OneDrive\\Escritorio\\Documentos\\Programacion 4\\Programacion_4\\TP2\\src\\app.ts","statementMap":{"0":{"start":{"line":4,"column":0},"end":{"line":4,"column":16}},"1":{"start":{"line":1,"column":0},"end":{"line":1,"column":29}},"2":{"start":{"line":2,"column":0},"end":{"line":2,"column":49}},"3":{"start":{"line":5,"column":14},"end":{"line":5,"column":23}},"4":{"start":{"line":6,"column":2},"end":{"line":6,"column":null}},"5":{"start":{"line":8,"column":2},"end":{"line":8,"column":null}},"6":{"start":{"line":10,"column":2},"end":{"line":10,"column":null}}},"fnMap":{"0":{"name":"makeApp","decl":{"start":{"line":4,"column":16},"end":{"line":4,"column":23}},"loc":{"start":{"line":4,"column":23},"end":{"line":11,"column":1}}}},"branchMap":{},"s":{"0":1,"1":1,"2":1,"3":1,"4":1,"5":1,"6":1},"f":{"0":1},"b":{}}
,"C:\\Users\\belub\\OneDrive\\Escritorio\\Documentos\\Programacion 4\\Programacion_4\\TP2\\src\\controllers\\order.controllers.ts": {"path":"C:\\Users\\belub\\OneDrive\\Escritorio\\Documentos\\Programacion 4\\Programacion_4\\TP2\\src\\controllers\\order.controllers.ts","statementMap":{"0":{"start":{"line":2,"column":0},"end":{"line":2,"column":23}},"1":{"start":{"line":3,"column":0},"end":{"line":3,"column":58}},"2":{"start":{"line":5,"column":24},"end":{"line":10,"column":2}},"3":{"start":{"line":7,"column":21},"end":{"line":7,"column":62}},"4":{"start":{"line":12,"column":25},"end":{"line":15,"column":2}},"5":{"start":{"line":17,"column":28},"end":{"line":19,"column":2}},"6":{"start":{"line":21,"column":13},"end":{"line":98,"column":null}},"7":{"start":{"line":23,"column":4},"end":{"line":39,"column":5}},"8":{"start":{"line":24,"column":24},"end":{"line":24,"column":60}},"9":{"start":{"line":26,"column":6},"end":{"line":31,"column":7}},"10":{"start":{"line":27,"column":8},"end":{"line":30,"column":null}},"11":{"start":{"line":33,"column":35},"end":{"line":33,"column":49}},"12":{"start":{"line":34,"column":20},"end":{"line":34,"column":57}},"13":{"start":{"line":36,"column":6},"end":{"line":36,"column":null}},"14":{"start":{"line":38,"column":6},"end":{"line":38,"column":null}},"15":{"start":{"line":43,"column":4},"end":{"line":54,"column":5}},"16":{"start":{"line":44,"column":21},"end":{"line":44,"column":31}},"17":{"start":{"line":45,"column":20},"end":{"line":45,"column":49}},"18":{"start":{"line":47,"column":6},"end":{"line":49,"column":7}},"19":{"start":{"line":48,"column":8},"end":{"line":48,"column":null}},"20":{"start":{"line":51,"column":6},"end":{"line":51,"column":null}},"21":{"start":{"line":53,"column":6},"end":{"line":53,"column":null}},"22":{"start":{"line":58,"column":4},"end":{"line":76,"column":5}},"23":{"start":{"line":59,"column":21},"end":{"line":59,"column":31}},"24":{"start":{"line":61,"column":20},"end":{"line":61,"column":46}},"25":{"start":{"line":63,"column":6},"end":{"line":65,"column":7}},"26":{"start":{"line":64,"column":8},"end":{"line":64,"column":null}},"27":{"start":{"line":67,"column":6},"end":{"line":70,"column":null}},"28":{"start":{"line":72,"column":6},"end":{"line":74,"column":7}},"29":{"start":{"line":73,"column":8},"end":{"line":73,"column":null}},"30":{"start":{"line":75,"column":6},"end":{"line":75,"column":null}},"31":{"start":{"line":80,"column":4},"end":{"line":96,"column":5}},"32":{"start":{"line":81,"column":24},"end":{"line":81,"column":64}},"33":{"start":{"line":83,"column":6},"end":{"line":88,"column":7}},"34":{"start":{"line":84,"column":8},"end":{"line":87,"column":null}},"35":{"start":{"line":90,"column":25},"end":{"line":90,"column":39}},"36":{"start":{"line":91,"column":22},"end":{"line":91,"column":55}},"37":{"start":{"line":93,"column":6},"end":{"line":93,"column":null}},"38":{"start":{"line":95,"column":6},"end":{"line":95,"column":null}}},"fnMap":{"0":{"name":"(anonymous_0)","decl":{"start":{"line":7,"column":14},"end":{"line":7,"column":17}},"loc":{"start":{"line":7,"column":21},"end":{"line":7,"column":62}}},"1":{"name":"(anonymous_1)","decl":{"start":{"line":22,"column":15},"end":{"line":22,"column":16}},"loc":{"start":{"line":22,"column":47},"end":{"line":40,"column":3}}},"2":{"name":"(anonymous_2)","decl":{"start":{"line":42,"column":17},"end":{"line":42,"column":18}},"loc":{"start":{"line":42,"column":49},"end":{"line":55,"column":3}}},"3":{"name":"(anonymous_3)","decl":{"start":{"line":57,"column":17},"end":{"line":57,"column":18}},"loc":{"start":{"line":57,"column":49},"end":{"line":77,"column":3}}},"4":{"name":"(anonymous_4)","decl":{"start":{"line":79,"column":17},"end":{"line":79,"column":18}},"loc":{"start":{"line":79,"column":49},"end":{"line":97,"column":3}}}},"branchMap":{"0":{"loc":{"start":{"line":26,"column":6},"end":{"line":31,"column":7}},"type":"if","locations":[{"start":{"line":26,"column":6},"end":{"line":31,"column":7}}]},"1":{"loc":{"start":{"line":47,"column":6},"end":{"line":49,"column":7}},"type":"if","locations":[{"start":{"line":47,"column":6},"end":{"line":49,"column":7}}]},"2":{"loc":{"start":{"line":63,"column":6},"end":{"line":65,"column":7}},"type":"if","locations":[{"start":{"line":63,"column":6},"end":{"line":65,"column":7}}]},"3":{"loc":{"start":{"line":72,"column":6},"end":{"line":74,"column":7}},"type":"if","locations":[{"start":{"line":72,"column":6},"end":{"line":74,"column":7}}]},"4":{"loc":{"start":{"line":72,"column":10},"end":{"line":72,"column":85}},"type":"binary-expr","locations":[{"start":{"line":72,"column":10},"end":{"line":72,"column":32}},{"start":{"line":72,"column":36},"end":{"line":72,"column":85}}]},"5":{"loc":{"start":{"line":83,"column":6},"end":{"line":88,"column":7}},"type":"if","locations":[{"start":{"line":83,"column":6},"end":{"line":88,"column":7}}]}},"s":{"0":1,"1":1,"2":1,"3":0,"4":1,"5":1,"6":1,"7":3,"8":3,"9":3,"10":2,"11":1,"12":1,"13":1,"14":0,"15":2,"16":2,"17":2,"18":2,"19":1,"20":1,"21":0,"22":2,"23":2,"24":2,"25":1,"26":0,"27":1,"28":1,"29":1,"30":0,"31":2,"32":2,"33":2,"34":0,"35":2,"36":2,"37":2,"38":0},"f":{"0":0,"1":3,"2":2,"3":2,"4":2},"b":{"0":[2],"1":[1],"2":[0],"3":[1],"4":[1,1],"5":[0]}}
,"C:\\Users\\belub\\OneDrive\\Escritorio\\Documentos\\Programacion 4\\Programacion_4\\TP2\\src\\routes\\orders.routes.ts": {"path":"C:\\Users\\belub\\OneDrive\\Escritorio\\Documentos\\Programacion 4\\Programacion_4\\TP2\\src\\routes\\orders.routes.ts","statementMap":{"0":{"start":{"line":1,"column":0},"end":{"line":1,"column":29}},"1":{"start":{"line":2,"column":0},"end":{"line":2,"column":67}},"2":{"start":{"line":4,"column":15},"end":{"line":4,"column":31}},"3":{"start":{"line":6,"column":0},"end":{"line":6,"column":null}},"4":{"start":{"line":7,"column":0},"end":{"line":7,"column":null}},"5":{"start":{"line":8,"column":0},"end":{"line":8,"column":null}},"6":{"start":{"line":9,"column":0},"end":{"line":9,"column":null}},"7":{"start":{"line":11,"column":0},"end":{"line":11,"column":null}}},"fnMap":{},"branchMap":{},"s":{"0":1,"1":1,"2":1,"3":1,"4":1,"5":1,"6":1,"7":1},"f":{},"b":{}}
,"C:\\Users\\belub\\OneDrive\\Escritorio\\Documentos\\Programacion 4\\Programacion_4\\TP2\\src\\services\\orders.service.ts": {"path":"C:\\Users\\belub\\OneDrive\\Escritorio\\Documentos\\Programacion 4\\Programacion_4\\TP2\\src\\services\\orders.service.ts","statementMap":{"0":{"start":{"line":3,"column":23},"end":{"line":3,"column":25}},"1":{"start":{"line":4,"column":13},"end":{"line":4,"column":14}},"2":{"start":{"line":6,"column":13},"end":{"line":77,"column":null}},"3":{"start":{"line":8,"column":24},"end":{"line":12,"column":null}},"4":{"start":{"line":14,"column":17},"end":{"line":14,"column":47}},"5":{"start":{"line":15,"column":19},"end":{"line":15,"column":58}},"6":{"start":{"line":17,"column":4},"end":{"line":22,"column":null}},"7":{"start":{"line":26,"column":15},"end":{"line":26,"column":34}},"8":{"start":{"line":28,"column":22},"end":{"line":28,"column":23}},"9":{"start":{"line":29,"column":4},"end":{"line":32,"column":5}},"10":{"start":{"line":30,"column":21},"end":{"line":30,"column":52}},"11":{"start":{"line":31,"column":6},"end":{"line":31,"column":null}},"12":{"start":{"line":34,"column":25},"end":{"line":41,"column":null}},"13":{"start":{"line":43,"column":4},"end":{"line":43,"column":null}},"14":{"start":{"line":44,"column":4},"end":{"line":44,"column":null}},"15":{"start":{"line":48,"column":4},"end":{"line":48,"column":null}},"16":{"start":{"line":48,"column":35},"end":{"line":48,"column":50}},"17":{"start":{"line":52,"column":4},"end":{"line":54,"column":5}},"18":{"start":{"line":53,"column":6},"end":{"line":53,"column":null}},"19":{"start":{"line":53,"column":39},"end":{"line":53,"column":62}},"20":{"start":{"line":55,"column":4},"end":{"line":55,"column":null}},"21":{"start":{"line":59,"column":18},"end":{"line":59,"column":47}},"22":{"start":{"line":61,"column":4},"end":{"line":63,"column":5}},"23":{"start":{"line":62,"column":6},"end":{"line":62,"column":null}},"24":{"start":{"line":65,"column":4},"end":{"line":67,"column":5}},"25":{"start":{"line":66,"column":6},"end":{"line":66,"column":null}},"26":{"start":{"line":69,"column":4},"end":{"line":69,"column":null}},"27":{"start":{"line":70,"column":4},"end":{"line":70,"column":null}},"28":{"start":{"line":74,"column":4},"end":{"line":74,"column":null}},"29":{"start":{"line":75,"column":4},"end":{"line":75,"column":null}}},"fnMap":{"0":{"name":"(anonymous_0)","decl":{"start":{"line":7,"column":15},"end":{"line":7,"column":16}},"loc":{"start":{"line":7,"column":41},"end":{"line":23,"column":3}}},"1":{"name":"(anonymous_1)","decl":{"start":{"line":25,"column":9},"end":{"line":25,"column":10}},"loc":{"start":{"line":25,"column":59},"end":{"line":45,"column":3}}},"2":{"name":"(anonymous_2)","decl":{"start":{"line":47,"column":15},"end":{"line":47,"column":16}},"loc":{"start":{"line":47,"column":44},"end":{"line":49,"column":3}}},"3":{"name":"(anonymous_3)","decl":{"start":{"line":48,"column":24},"end":{"line":48,"column":25}},"loc":{"start":{"line":48,"column":35},"end":{"line":48,"column":50}}},"4":{"name":"(anonymous_4)","decl":{"start":{"line":51,"column":15},"end":{"line":51,"column":16}},"loc":{"start":{"line":51,"column":49},"end":{"line":56,"column":3}}},"5":{"name":"(anonymous_5)","decl":{"start":{"line":53,"column":28},"end":{"line":53,"column":29}},"loc":{"start":{"line":53,"column":39},"end":{"line":53,"column":62}}},"6":{"name":"(anonymous_6)","decl":{"start":{"line":58,"column":12},"end":{"line":58,"column":13}},"loc":{"start":{"line":58,"column":41},"end":{"line":71,"column":3}}},"7":{"name":"(anonymous_7)","decl":{"start":{"line":73,"column":12},"end":{"line":73,"column":15}},"loc":{"start":{"line":73,"column":17},"end":{"line":76,"column":3}}}},"branchMap":{"0":{"loc":{"start":{"line":48,"column":11},"end":{"line":48,"column":59}},"type":"binary-expr","locations":[{"start":{"line":48,"column":11},"end":{"line":48,"column":51}},{"start":{"line":48,"column":55},"end":{"line":48,"column":59}}]},"1":{"loc":{"start":{"line":52,"column":4},"end":{"line":54,"column":5}},"type":"if","locations":[{"start":{"line":52,"column":4},"end":{"line":54,"column":5}}]},"2":{"loc":{"start":{"line":61,"column":4},"end":{"line":63,"column":5}},"type":"if","locations":[{"start":{"line":61,"column":4},"end":{"line":63,"column":5}}]},"3":{"loc":{"start":{"line":65,"column":4},"end":{"line":67,"column":5}},"type":"if","locations":[{"start":{"line":65,"column":4},"end":{"line":67,"column":5}}]}},"s":{"0":2,"1":2,"2":2,"3":14,"4":14,"5":14,"6":14,"7":10,"8":10,"9":10,"10":10,"11":10,"12":10,"13":10,"14":10,"15":6,"16":5,"17":2,"18":1,"19":2,"20":1,"21":4,"22":4,"23":0,"24":4,"25":2,"26":2,"27":2,"28":13,"29":13},"f":{"0":14,"1":10,"2":6,"3":5,"4":2,"5":2,"6":4,"7":13},"b":{"0":[6,1],"1":[1],"2":[0],"3":[2]}}
}
