TN:
SF:src\app.ts
FN:4,makeApp
FNF:1
FNH:1
FNDA:1,makeApp
DA:1,1
DA:2,1
DA:4,1
DA:5,1
DA:6,1
DA:8,1
DA:10,1
LF:7
LH:7
BRF:0
BRH:0
end_of_record
TN:
SF:src\controllers\order.controllers.ts
FN:7,(anonymous_0)
FN:22,(anonymous_1)
FN:42,(anonymous_2)
FN:57,(anonymous_3)
FN:79,(anonymous_4)
FNF:5
FNH:4
FNDA:0,(anonymous_0)
FNDA:3,(anonymous_1)
FNDA:2,(anonymous_2)
FNDA:2,(anonymous_3)
FNDA:2,(anonymous_4)
DA:2,1
DA:3,1
DA:5,1
DA:7,0
DA:12,1
DA:17,1
DA:21,1
DA:23,3
DA:24,3
DA:26,3
DA:27,2
DA:33,1
DA:34,1
DA:36,1
DA:38,0
DA:43,2
DA:44,2
DA:45,2
DA:47,2
DA:48,1
DA:51,1
DA:53,0
DA:58,2
DA:59,2
DA:61,2
DA:63,1
DA:64,0
DA:67,1
DA:72,1
DA:73,1
DA:75,0
DA:80,2
DA:81,2
DA:83,2
DA:84,0
DA:90,2
DA:91,2
DA:93,2
DA:95,0
LF:39
LH:32
BRDA:26,0,0,2
BRDA:47,1,0,1
BRDA:63,2,0,0
BRDA:72,3,0,1
BRDA:72,4,0,1
BRDA:72,4,1,1
BRDA:83,5,0,0
BRF:7
BRH:5
end_of_record
TN:
SF:src\routes\orders.routes.ts
FNF:0
FNH:0
DA:1,1
DA:2,1
DA:4,1
DA:6,1
DA:7,1
DA:8,1
DA:9,1
DA:11,1
LF:8
LH:8
BRF:0
BRH:0
end_of_record
TN:
SF:src\services\orders.service.ts
FN:7,(anonymous_0)
FN:25,(anonymous_1)
FN:47,(anonymous_2)
FN:48,(anonymous_3)
FN:51,(anonymous_4)
FN:53,(anonymous_5)
FN:58,(anonymous_6)
FN:73,(anonymous_7)
FNF:8
FNH:8
FNDA:14,(anonymous_0)
FNDA:10,(anonymous_1)
FNDA:6,(anonymous_2)
FNDA:5,(anonymous_3)
FNDA:2,(anonymous_4)
FNDA:2,(anonymous_5)
FNDA:4,(anonymous_6)
FNDA:13,(anonymous_7)
DA:3,2
DA:4,2
DA:6,2
DA:8,14
DA:14,14
DA:15,14
DA:17,14
DA:26,10
DA:28,10
DA:29,10
DA:30,10
DA:31,10
DA:34,10
DA:43,10
DA:44,10
DA:48,6
DA:52,2
DA:53,2
DA:55,1
DA:59,4
DA:61,4
DA:62,0
DA:65,4
DA:66,2
DA:69,2
DA:70,2
DA:74,13
DA:75,13
LF:28
LH:27
BRDA:48,0,0,6
BRDA:48,0,1,1
BRDA:52,1,0,1
BRDA:61,2,0,0
BRDA:65,3,0,2
BRF:5
BRH:4
end_of_record
